<?xml version="1.0" encoding="UTF-8"?>
<testng-results skipped="0" failed="0" ignored="0" total="7" passed="7">
  <reporter-output>
  </reporter-output>
  <suite name="ClickClack API Draft v1" duration-ms="11598" started-at="2018-12-13T16:22:34 CET" finished-at="2018-12-13T16:22:46 CET">
    <groups>
      <group name="e2e">
        <method signature="EndToEndTestSet.CRUDClacks(java.lang.String)[pri:0, instance:com.clickclack.api.autotests.draft.v1.EndToEndTestSet@4f7d0008]" name="CRUDClacks" class="com.clickclack.api.autotests.draft.v1.EndToEndTestSet"/>
      </group> <!-- e2e -->
      <group name="ep">
        <method signature="ClacksEndPointTestSet.getClacksHasStatusCodeOk(java.lang.String)[pri:0, instance:com.clickclack.api.autotests.draft.v1.ClacksEndPointTestSet@ae45eb6]" name="getClacksHasStatusCodeOk" class="com.clickclack.api.autotests.draft.v1.ClacksEndPointTestSet"/>
        <method signature="ClacksEndPointTestSet.postClacksHasStatusCodeCreated(java.lang.String)[pri:0, instance:com.clickclack.api.autotests.draft.v1.ClacksEndPointTestSet@ae45eb6]" name="postClacksHasStatusCodeCreated" class="com.clickclack.api.autotests.draft.v1.ClacksEndPointTestSet"/>
        <method signature="ClacksWithIdEndPointTestSet.getClacksWithIdHasStatusCodeOk(java.lang.String)[pri:0, instance:com.clickclack.api.autotests.draft.v1.ClacksWithIdEndPointTestSet@754ba872]" name="getClacksWithIdHasStatusCodeOk" class="com.clickclack.api.autotests.draft.v1.ClacksWithIdEndPointTestSet"/>
        <method signature="ClacksWithIdEndPointTestSet.deleteClacksWithIdHasStatusCodeNoContent(java.lang.String)[pri:0, instance:com.clickclack.api.autotests.draft.v1.ClacksWithIdEndPointTestSet@754ba872]" name="deleteClacksWithIdHasStatusCodeNoContent" class="com.clickclack.api.autotests.draft.v1.ClacksWithIdEndPointTestSet"/>
        <method signature="ClacksWithIdEndPointTestSet.putClacksWithIdHasStatusCodeOk(java.lang.String)[pri:0, instance:com.clickclack.api.autotests.draft.v1.ClacksWithIdEndPointTestSet@754ba872]" name="putClacksWithIdHasStatusCodeOk" class="com.clickclack.api.autotests.draft.v1.ClacksWithIdEndPointTestSet"/>
        <method signature="RootEndPointTestSet.getApiHomeHasStatusCodeOk(java.lang.String)[pri:0, instance:com.clickclack.api.autotests.draft.v1.RootEndPointTestSet@57fffcd7]" name="getApiHomeHasStatusCodeOk" class="com.clickclack.api.autotests.draft.v1.RootEndPointTestSet"/>
      </group> <!-- ep -->
    </groups>
    <test name="Clacks EndPoint" duration-ms="1926" started-at="2018-12-13T16:22:34 CET" finished-at="2018-12-13T16:22:36 CET">
      <class name="com.clickclack.api.autotests.draft.v1.ClacksEndPointTestSet">
        <test-method status="PASS" signature="getClacksHasStatusCodeOk(java.lang.String)[pri:0, instance:com.clickclack.api.autotests.draft.v1.ClacksEndPointTestSet@ae45eb6]" name="getClacksHasStatusCodeOk" duration-ms="684" started-at="2018-12-13T16:22:34 CET" description="GET /clacks =&gt; 200" data-provider="ParametrizedProvider" finished-at="2018-12-13T16:22:35 CET">
          <params>
            <param index="0">
              <value>
                <![CDATA[https://rec-clickclack-api.herokuapp.com]]>
              </value>
            </param>
          </params>
          <reporter-output>
          </reporter-output>
        </test-method> <!-- getClacksHasStatusCodeOk -->
        <test-method status="PASS" signature="postClacksHasStatusCodeCreated(java.lang.String)[pri:0, instance:com.clickclack.api.autotests.draft.v1.ClacksEndPointTestSet@ae45eb6]" name="postClacksHasStatusCodeCreated" duration-ms="1144" started-at="2018-12-13T16:22:35 CET" description="POST /clacks =&gt; 201" data-provider="ParametrizedProvider" finished-at="2018-12-13T16:22:36 CET">
          <params>
            <param index="0">
              <value>
                <![CDATA[https://rec-clickclack-api.herokuapp.com]]>
              </value>
            </param>
          </params>
          <reporter-output>
          </reporter-output>
        </test-method> <!-- postClacksHasStatusCodeCreated -->
      </class> <!-- com.clickclack.api.autotests.draft.v1.ClacksEndPointTestSet -->
    </test> <!-- Clacks EndPoint -->
    <test name="Clacks WithId EndPoint" duration-ms="3025" started-at="2018-12-13T16:22:36 CET" finished-at="2018-12-13T16:22:39 CET">
      <class name="com.clickclack.api.autotests.draft.v1.ClacksWithIdEndPointTestSet">
        <test-method status="PASS" signature="getClacksWithIdHasStatusCodeOk(java.lang.String)[pri:0, instance:com.clickclack.api.autotests.draft.v1.ClacksWithIdEndPointTestSet@754ba872]" name="getClacksWithIdHasStatusCodeOk" duration-ms="1825" started-at="2018-12-13T16:22:36 CET" description="GET /clacks/ID =&gt; 200" data-provider="ParametrizedProvider" finished-at="2018-12-13T16:22:38 CET">
          <params>
            <param index="0">
              <value>
                <![CDATA[https://rec-clickclack-api.herokuapp.com]]>
              </value>
            </param>
          </params>
          <reporter-output>
          </reporter-output>
        </test-method> <!-- getClacksWithIdHasStatusCodeOk -->
        <test-method name="deleteClacksWithIdHasStatusCodeNoContent" signature="deleteClacksWithIdHasStatusCodeNoContent(java.lang.String)[pri:0, instance:com.clickclack.api.autotests.draft.v1.ClacksWithIdEndPointTestSet@754ba872]" status="PASS" duration-ms="588" finished-at="2018-12-13T16:22:38 CET" started-at="2018-12-13T16:22:38 CET" depends-on-methods="com.clickclack.api.autotests.draft.v1.ClacksWithIdEndPointTestSet.getClacksWithIdHasStatusCodeOk" data-provider="ParametrizedProvider" description="DELETE /clacks/ID =&gt; 204">
          <params>
            <param index="0">
              <value>
                <![CDATA[https://rec-clickclack-api.herokuapp.com]]>
              </value>
            </param>
          </params>
          <reporter-output>
          </reporter-output>
        </test-method> <!-- deleteClacksWithIdHasStatusCodeNoContent -->
        <test-method name="putClacksWithIdHasStatusCodeOk" signature="putClacksWithIdHasStatusCodeOk(java.lang.String)[pri:0, instance:com.clickclack.api.autotests.draft.v1.ClacksWithIdEndPointTestSet@754ba872]" status="PASS" duration-ms="575" finished-at="2018-12-13T16:22:39 CET" started-at="2018-12-13T16:22:38 CET" depends-on-methods="com.clickclack.api.autotests.draft.v1.ClacksWithIdEndPointTestSet.getClacksWithIdHasStatusCodeOk" data-provider="ParametrizedProvider" description="PUT /clacks/ID =&gt; 200">
          <params>
            <param index="0">
              <value>
                <![CDATA[https://rec-clickclack-api.herokuapp.com]]>
              </value>
            </param>
          </params>
          <reporter-output>
          </reporter-output>
        </test-method> <!-- putClacksWithIdHasStatusCodeOk -->
      </class> <!-- com.clickclack.api.autotests.draft.v1.ClacksWithIdEndPointTestSet -->
    </test> <!-- Clacks WithId EndPoint -->
    <test name="Root EndPoint" duration-ms="562" started-at="2018-12-13T16:22:39 CET" finished-at="2018-12-13T16:22:40 CET">
      <class name="com.clickclack.api.autotests.draft.v1.RootEndPointTestSet">
        <test-method status="PASS" signature="getApiHomeHasStatusCodeOk(java.lang.String)[pri:0, instance:com.clickclack.api.autotests.draft.v1.RootEndPointTestSet@57fffcd7]" name="getApiHomeHasStatusCodeOk" duration-ms="562" started-at="2018-12-13T16:22:39 CET" description="GET / =&gt; 200" data-provider="ParametrizedProvider" finished-at="2018-12-13T16:22:40 CET">
          <params>
            <param index="0">
              <value>
                <![CDATA[https://rec-clickclack-api.herokuapp.com]]>
              </value>
            </param>
          </params>
          <reporter-output>
          </reporter-output>
        </test-method> <!-- getApiHomeHasStatusCodeOk -->
      </class> <!-- com.clickclack.api.autotests.draft.v1.RootEndPointTestSet -->
    </test> <!-- Root EndPoint -->
    <test name="end to end" duration-ms="5929" started-at="2018-12-13T16:22:40 CET" finished-at="2018-12-13T16:22:46 CET">
      <class name="com.clickclack.api.autotests.draft.v1.EndToEndTestSet">
        <test-method status="PASS" signature="CRUDClacks(java.lang.String)[pri:0, instance:com.clickclack.api.autotests.draft.v1.EndToEndTestSet@4f7d0008]" name="CRUDClacks" duration-ms="5929" started-at="2018-12-13T16:22:40 CET" description="CRUD Clacks" data-provider="ParametrizedProvider" finished-at="2018-12-13T16:22:46 CET">
          <params>
            <param index="0">
              <value>
                <![CDATA[https://rec-clickclack-api.herokuapp.com]]>
              </value>
            </param>
          </params>
          <reporter-output>
          </reporter-output>
        </test-method> <!-- CRUDClacks -->
      </class> <!-- com.clickclack.api.autotests.draft.v1.EndToEndTestSet -->
    </test> <!-- end to end -->
  </suite> <!-- ClickClack API Draft v1 -->
</testng-results>
