<?xml version="1.0" encoding="UTF-8"?>
<testsuite xmlns:xsi="http://www.w3.org/2001/XMLSchema-instance" xsi:noNamespaceSchemaLocation="https://maven.apache.org/surefire/maven-surefire-plugin/xsd/surefire-test-report.xsd" name="TestSuite" time="17.321" tests="7" errors="0" skipped="0" failures="0">
  <properties>
[...]
</properties>
  <testcase name="getClacksHasStatusCodeOk" classname="com.clickclack.api.autotests.draft.v1.ClacksEndPointTestSet" time="0.688"/>
  <testcase name="postClacksHasStatusCodeCreated" classname="com.clickclack.api.autotests.draft.v1.ClacksEndPointTestSet" time="1.141"/>
  <testcase name="getClacksWithIdHasStatusCodeOk" classname="com.clickclack.api.autotests.draft.v1.ClacksWithIdEndPointTestSet" time="1.827"/>
  <testcase name="deleteClacksWithIdHasStatusCodeNoContent" classname="com.clickclack.api.autotests.draft.v1.ClacksWithIdEndPointTestSet" time="0.585"/>
  <testcase name="putClacksWithIdHasStatusCodeOk" classname="com.clickclack.api.autotests.draft.v1.ClacksWithIdEndPointTestSet" time="0.575"/>
  <testcase name="getApiHomeHasStatusCodeOk" classname="com.clickclack.api.autotests.draft.v1.RootEndPointTestSet" time="0.562"/>
  <testcase name="CRUDClacks" classname="com.clickclack.api.autotests.draft.v1.EndToEndTestSet" time="5.929"/>
</testsuite>