<?xml version="1.0" encoding="UTF-8"?>
<!-- Generated by org.testng.reporters.JUnitXMLReporter -->
<testsuite hostname="L-5CG5435LFM" ignored="0" name="Clacks EndPoint" tests="2" failures="0" timestamp="2018-12-13T16:22:36 CET" time="1.926" errors="0">
  <testcase name="getClacksHasStatusCodeOk" time="0.684" classname="com.clickclack.api.autotests.draft.v1.ClacksEndPointTestSet"/>
  <testcase name="postClacksHasStatusCodeCreated" time="1.144" classname="com.clickclack.api.autotests.draft.v1.ClacksEndPointTestSet"/>
</testsuite> <!-- Clacks EndPoint -->
