<?xml version="1.0" encoding="UTF-8"?>
<!-- Generated by org.testng.reporters.JUnitXMLReporter -->
<testsuite hostname="L-5CG5435LFM" ignored="0" name="Clacks WithId EndPoint" tests="3" failures="0" timestamp="2018-12-13T16:22:39 CET" time="3.025" errors="0">
  <testcase name="getClacksWithIdHasStatusCodeOk" time="1.825" classname="com.clickclack.api.autotests.draft.v1.ClacksWithIdEndPointTestSet"/>
  <testcase name="deleteClacksWithIdHasStatusCodeNoContent" time="0.588" classname="com.clickclack.api.autotests.draft.v1.ClacksWithIdEndPointTestSet"/>
  <testcase name="putClacksWithIdHasStatusCodeOk" time="0.575" classname="com.clickclack.api.autotests.draft.v1.ClacksWithIdEndPointTestSet"/>
</testsuite> <!-- Clacks WithId EndPoint -->
